<?xml version="1.0" encoding="UTF-8"?>
<testng-results skipped="0" failed="0" ignored="0" total="1" passed="1">
  <reporter-output>
  </reporter-output>
  <suite name="Suite" duration-ms="12280" started-at="2021-02-19T17:22:28 CST" finished-at="2021-02-19T17:22:40 CST">
    <groups>
    </groups>
    <test name="Test" duration-ms="12280" started-at="2021-02-19T17:22:28 CST" finished-at="2021-02-19T17:22:40 CST">
      <class name="Maven.LaunchChrome">
        <test-method status="PASS" signature="setup()[pri:0, instance:Maven.LaunchChrome@30a3107a]" name="setup" is-config="true" duration-ms="11966" started-at="2021-02-19T17:22:28 CST" finished-at="2021-02-19T17:22:40 CST">
          <reporter-output>
          </reporter-output>
        </test-method> <!-- setup -->
        <test-method status="PASS" signature="testCase1()[pri:0, instance:Maven.LaunchChrome@30a3107a]" name="testCase1" duration-ms="7" started-at="2021-02-19T17:22:40 CST" finished-at="2021-02-19T17:22:40 CST">
          <reporter-output>
          </reporter-output>
        </test-method> <!-- testCase1 -->
        <test-method status="PASS" signature="tearDown()[pri:0, instance:Maven.LaunchChrome@30a3107a]" name="tearDown" is-config="true" duration-ms="255" started-at="2021-02-19T17:22:40 CST" finished-at="2021-02-19T17:22:40 CST">
          <reporter-output>
          </reporter-output>
        </test-method> <!-- tearDown -->
      </class> <!-- Maven.LaunchChrome -->
    </test> <!-- Test -->
  </suite> <!-- Suite -->
</testng-results>
